api-cdn.figma.com
click.figma.com
desktop.figma.com
embed.figma.com
errors.figma.com
figma-for-jira.figma.com
forum.figma.com
help.figma.com
marketing.figma.com
s3-alpha-sig.figma.com
s3-alpha.figma.com
s3-figma-canvas-images-eu-production-sig.figma.com
s3-figma-fonts-private-production-sig.figma.com
s3-figma-hubfile-images-production.figma.com
s3-figma-plugin-images-production-sig.figma.com
s3-figma-videos-production-sig.figma.com
sprig.figma.com
static.figma.com
verify.figma.com
www.figma.com
